libpng warning: iCCP: profile 'ICC profile': 'GRAY': Gray color space not permitted on RGB PNG
libpng warning: iCCP: known incorrect sRGB profile
libpng warning: iCCP: cHRM chunk does not match sRGB
libpng warning: iCCP: profile 'ICC profile': 'GRAY': Gray color space not permitted on RGB PNG
libpng warning: iCCP: profile 'ICC profile': 'GRAY': Gray color space not permitted on RGB PNG
libpng warning: iCCP: profile 'ICC profile': 'GRAY': Gray color space not permitted on RGB PNG
libpng warning: iCCP: known incorrect sRGB profile
libpng warning: iCCP: cHRM chunk does not match sRGB
libpng warning: iCCP: profile 'ICC profile': 'GRAY': Gray color space not permitted on RGB PNG
libpng warning: iCCP: profile 'ICC profile': 'GRAY': Gray color space not permitted on RGB PNG
libpng warning: iCCP: profile 'ICC profile': 'GRAY': Gray color space not permitted on RGB PNG
libpng warning: iCCP: profile 'ICC profile': 'GRAY': Gray color space not permitted on RGB PNG
libpng warning: iCCP: profile 'ICC profile': 'GRAY': Gray color space not permitted on RGB PNG
libpng warning: iCCP: profile 'ICC profile': 'GRAY': Gray color space not permitted on RGB PNG
libpng warning: iCCP: profile 'ICC profile': 'GRAY': Gray color space not permitted on RGB PNG
libpng warning: iCCP: profile 'ICC profile': 'GRAY': Gray color space not permitted on RGB PNG
libpng warning: iCCP: profile 'ICC profile': 'GRAY': Gray color space not permitted on RGB PNG
libpng warning: iCCP: profile 'ICC profile': 'GRAY': Gray color space not permitted on RGB PNG
libpng warning: iCCP: profile 'ICC profile': 'GRAY': Gray color space not permitted on RGB PNG
libpng warning: iCCP: profile 'ICC profile': 'GRAY': Gray color space not permitted on RGB PNG
libpng warning: iCCP: profile 'ICC profile': 'GRAY': Gray color space not permitted on RGB PNG
libpng warning: iCCP: profile 'ICC profile': 'GRAY': Gray color space not permitted on RGB PNG
libpng warning: iCCP: profile 'ICC profile': 'GRAY': Gray color space not permitted on RGB PNG
libpng warning: iCCP: profile 'ICC profile': 'GRAY': Gray color space not permitted on RGB PNG
libpng warning: iCCP: profile 'ICC profile': 'GRAY': Gray color space not permitted on RGB PNG
libpng warning: iCCP: profile 'ICC profile': 'GRAY': Gray color space not permitted on RGB PNG
libpng warning: iCCP: profile 'ICC profile': 'GRAY': Gray color space not permitted on RGB PNG
libpng warning: iCCP: profile 'ICC profile': 'GRAY': Gray color space not permitted on RGB PNG
libpng warning: iCCP: profile 'ICC profile': 'GRAY': Gray color space not permitted on RGB PNG
libpng warning: iCCP: profile 'ICC profile': 'GRAY': Gray color space not permitted on RGB PNG
libpng warning: iCCP: profile 'ICC profile': 'GRAY': Gray color space not permitted on RGB PNG
libpng warning: iCCP: profile 'ICC profile': 'GRAY': Gray color space not permitted on RGB PNG
libpng warning: iCCP: profile 'ICC profile': 'GRAY': Gray color space not permitted on RGB PNG
libpng warning: iCCP: profile 'ICC profile': 'GRAY': Gray color space not permitted on RGB PNG
libpng warning: iCCP: profile 'ICC profile': 'GRAY': Gray color space not permitted on RGB PNG
libpng warning: iCCP: profile 'ICC profile': 'GRAY': Gray color space not permitted on RGB PNG
libpng warning: iCCP: profile 'ICC profile': 'GRAY': Gray color space not permitted on RGB PNG
libpng warning: iCCP: profile 'ICC profile': 'GRAY': Gray color space not permitted on RGB PNG
libpng warning: iCCP: profile 'ICC profile': 'GRAY': Gray color space not permitted on RGB PNG
libpng warning: iCCP: profile 'ICC profile': 'GRAY': Gray color space not permitted on RGB PNG
libpng warning: iCCP: profile 'ICC profile': 'GRAY': Gray color space not permitted on RGB PNG
libpng warning: iCCP: profile 'ICC profile': 'GRAY': Gray color space not permitted on RGB PNG
libpng warning: iCCP: profile 'ICC profile': 'GRAY': Gray color space not permitted on RGB PNG
libpng warning: iCCP: profile 'ICC profile': 'GRAY': Gray color space not permitted on RGB PNG
libpng warning: iCCP: profile 'ICC profile': 'GRAY': Gray color space not permitted on RGB PNG
libpng warning: iCCP: profile 'ICC profile': 'GRAY': Gray color space not permitted on RGB PNG
libpng warning: iCCP: profile 'ICC profile': 'GRAY': Gray color space not permitted on RGB PNG
libpng warning: iCCP: profile 'ICC profile': 'GRAY': Gray color space not permitted on RGB PNG
libpng warning: iCCP: profile 'ICC profile': 'GRAY': Gray color space not permitted on RGB PNG
libpng warning: iCCP: profile 'ICC profile': 'GRAY': Gray color space not permitted on RGB PNG
libpng warning: iCCP: profile 'ICC profile': 'GRAY': Gray color space not permitted on RGB PNG
libpng warning: iCCP: profile 'ICC profile': 'GRAY': Gray color space not permitted on RGB PNG
libpng warning: iCCP: profile 'ICC profile': 'GRAY': Gray color space not permitted on RGB PNG
libpng warning: iCCP: profile 'ICC profile': 'GRAY': Gray color space not permitted on RGB PNG
libpng warning: iCCP: profile 'ICC profile': 'GRAY': Gray color space not permitted on RGB PNG
libpng warning: iCCP: profile 'ICC profile': 'GRAY': Gray color space not permitted on RGB PNG
libpng warning: iCCP: profile 'ICC profile': 'GRAY': Gray color space not permitted on RGB PNG
libpng warning: iCCP: profile 'ICC profile': 'GRAY': Gray color space not permitted on RGB PNG
libpng warning: iCCP: profile 'ICC profile': 'GRAY': Gray color space not permitted on RGB PNG
libpng warning: iCCP: profile 'ICC profile': 'GRAY': Gray color space not permitted on RGB PNG
libpng warning: iCCP: profile 'ICC profile': 'GRAY': Gray color space not permitted on RGB PNG
libpng warning: iCCP: profile 'ICC profile': 'GRAY': Gray color space not permitted on RGB PNG
libpng warning: iCCP: profile 'ICC profile': 'GRAY': Gray color space not permitted on RGB PNG
libpng warning: iCCP: profile 'ICC profile': 'GRAY': Gray color space not permitted on RGB PNG
libpng warning: iCCP: profile 'ICC profile': 'GRAY': Gray color space not permitted on RGB PNG
libpng warning: iCCP: profile 'ICC profile': 'GRAY': Gray color space not permitted on RGB PNG
libpng warning: iCCP: profile 'ICC profile': 'GRAY': Gray color space not permitted on RGB PNG
libpng warning: iCCP: profile 'ICC profile': 'GRAY': Gray color space not permitted on RGB PNG
libpng warning: iCCP: profile 'ICC profile': 'GRAY': Gray color space not permitted on RGB PNG
libpng warning: iCCP: profile 'ICC profile': 'GRAY': Gray color space not permitted on RGB PNG
libpng warning: iCCP: profile 'ICC profile': 'GRAY': Gray color space not permitted on RGB PNG
libpng warning: iCCP: profile 'ICC profile': 'GRAY': Gray color space not permitted on RGB PNG
libpng warning: iCCP: profile 'ICC profile': 'GRAY': Gray color space not permitted on RGB PNG
libpng warning: iCCP: profile 'ICC profile': 'GRAY': Gray color space not permitted on RGB PNG
libpng warning: iCCP: profile 'ICC profile': 'GRAY': Gray color space not permitted on RGB PNG
libpng warning: iCCP: profile 'ICC profile': 'GRAY': Gray color space not permitted on RGB PNG
libpng warning: iCCP: profile 'ICC profile': 'GRAY': Gray color space not permitted on RGB PNG
libpng warning: iCCP: profile 'ICC profile': 'GRAY': Gray color space not permitted on RGB PNG
2017-11-27 08:40:54.456 LiteIDE[14794:29200223] *** Assertion failure in -[NSMenu insertItem:atIndex:], /Library/Caches/com.apple.xbs/Sources/AppKit/AppKit-1504.83.101/Menus.subproj/NSMenu.m:705
2017-11-27 08:40:55.564 LiteIDE[14794:29200223] *** Assertion failure in -[NSMenu insertItem:atIndex:], /Library/Caches/com.apple.xbs/Sources/AppKit/AppKit-1504.83.101/Menus.subproj/NSMenu.m:705
libpng warning: iCCP: profile 'ICC profile': 'GRAY': Gray color space not permitted on RGB PNG
libpng warning: iCCP: profile 'ICC profile': 'GRAY': Gray color space not permitted on RGB PNG
2017-11-27 08:44:42.830 LiteIDE[14794:29200223] *** Assertion failure in -[NSMenu insertItem:atIndex:], /Library/Caches/com.apple.xbs/Sources/AppKit/AppKit-1504.83.101/Menus.subproj/NSMenu.m:705
2017-11-27 08:44:43.841 LiteIDE[14794:29200223] *** Assertion failure in -[NSMenu insertItem:atIndex:], /Library/Caches/com.apple.xbs/Sources/AppKit/AppKit-1504.83.101/Menus.subproj/NSMenu.m:705
libpng warning: iCCP: profile 'ICC profile': 'GRAY': Gray color space not permitted on RGB PNG
libpng warning: iCCP: profile 'ICC profile': 'GRAY': Gray color space not permitted on RGB PNG
libpng warning: iCCP: profile 'ICC profile': 'GRAY': Gray color space not permitted on RGB PNG
libpng warning: iCCP: profile 'ICC profile': 'GRAY': Gray color space not permitted on RGB PNG
libpng warning: iCCP: profile 'ICC profile': 'GRAY': Gray color space not permitted on RGB PNG
libpng warning: iCCP: profile 'ICC profile': 'GRAY': Gray color space not permitted on RGB PNG
libpng warning: iCCP: profile 'ICC profile': 'GRAY': Gray color space not permitted on RGB PNG
libpng warning: iCCP: profile 'ICC profile': 'GRAY': Gray color space not permitted on RGB PNG
libpng warning: iCCP: profile 'ICC profile': 'GRAY': Gray color space not permitted on RGB PNG
libpng warning: iCCP: profile 'ICC profile': 'GRAY': Gray color space not permitted on RGB PNG
2017-11-27 08:56:38.817 LiteIDE[14794:29200223] *** Assertion failure in -[NSMenu insertItem:atIndex:], /Library/Caches/com.apple.xbs/Sources/AppKit/AppKit-1504.83.101/Menus.subproj/NSMenu.m:705
2017-11-27 08:56:40.022 LiteIDE[14794:29200223] *** Assertion failure in -[NSMenu insertItem:atIndex:], /Library/Caches/com.apple.xbs/Sources/AppKit/AppKit-1504.83.101/Menus.subproj/NSMenu.m:705
libpng warning: iCCP: profile 'ICC profile': 'GRAY': Gray color space not permitted on RGB PNG
libpng warning: iCCP: profile 'ICC profile': 'GRAY': Gray color space not permitted on RGB PNG
libpng warning: iCCP: profile 'ICC profile': 'GRAY': Gray color space not permitted on RGB PNG
libpng warning: iCCP: profile 'ICC profile': 'GRAY': Gray color space not permitted on RGB PNG
libpng warning: iCCP: profile 'ICC profile': 'GRAY': Gray color space not permitted on RGB PNG
libpng warning: iCCP: profile 'ICC profile': 'GRAY': Gray color space not permitted on RGB PNG
libpng warning: iCCP: profile 'ICC profile': 'GRAY': Gray color space not permitted on RGB PNG
libpng warning: iCCP: profile 'ICC profile': 'GRAY': Gray color space not permitted on RGB PNG
libpng warning: iCCP: profile 'ICC profile': 'GRAY': Gray color space not permitted on RGB PNG
libpng warning: iCCP: profile 'ICC profile': 'GRAY': Gray color space not permitted on RGB PNG
libpng warning: iCCP: profile 'ICC profile': 'GRAY': Gray color space not permitted on RGB PNG
libpng warning: iCCP: profile 'ICC profile': 'GRAY': Gray color space not permitted on RGB PNG
libpng warning: iCCP: profile 'ICC profile': 'GRAY': Gray color space not permitted on RGB PNG
libpng warning: iCCP: profile 'ICC profile': 'GRAY': Gray color space not permitted on RGB PNG
libpng warning: iCCP: profile 'ICC profile': 'GRAY': Gray color space not permitted on RGB PNG
libpng warning: iCCP: profile 'ICC profile': 'GRAY': Gray color space not permitted on RGB PNG
libpng warning: iCCP: profile 'ICC profile': 'GRAY': Gray color space not permitted on RGB PNG
libpng warning: iCCP: profile 'ICC profile': 'GRAY': Gray color space not permitted on RGB PNG
libpng warning: iCCP: profile 'ICC profile': 'GRAY': Gray color space not permitted on RGB PNG
libpng warning: iCCP: profile 'ICC profile': 'GRAY': Gray color space not permitted on RGB PNG
libpng warning: iCCP: profile 'ICC profile': 'GRAY': Gray color space not permitted on RGB PNG
libpng warning: iCCP: profile 'ICC profile': 'GRAY': Gray color space not permitted on RGB PNG
libpng warning: iCCP: profile 'ICC profile': 'GRAY': Gray color space not permitted on RGB PNG
QWidget::setMaximumSize: (/QLabel) Negative sizes (-5,16777215) are not possible
QWidget::setMaximumSize: (/QLabel) Negative sizes (-5,16777215) are not possible
QWidget::setMaximumSize: (/QLabel) Negative sizes (-5,16777215) are not possible
QWidget::setMaximumSize: (/QLabel) Negative sizes (-5,16777215) are not possible
libpng warning: iCCP: profile 'ICC profile': 'GRAY': Gray color space not permitted on RGB PNG
libpng warning: iCCP: profile 'ICC profile': 'GRAY': Gray color space not permitted on RGB PNG
libpng warning: iCCP: profile 'ICC profile': 'GRAY': Gray color space not permitted on RGB PNG
libpng warning: iCCP: profile 'ICC profile': 'GRAY': Gray color space not permitted on RGB PNG
libpng warning: iCCP: profile 'ICC profile': 'GRAY': Gray color space not permitted on RGB PNG
libpng warning: iCCP: profile 'ICC profile': 'GRAY': Gray color space not permitted on RGB PNG
libpng warning: iCCP: profile 'ICC profile': 'GRAY': Gray color space not permitted on RGB PNG
libpng warning: iCCP: profile 'ICC profile': 'GRAY': Gray color space not permitted on RGB PNG
libpng warning: iCCP: profile 'ICC profile': 'GRAY': Gray color space not permitted on RGB PNG
libpng warning: iCCP: profile 'ICC profile': 'GRAY': Gray color space not permitted on RGB PNG
libpng warning: iCCP: profile 'ICC profile': 'GRAY': Gray color space not permitted on RGB PNG
libpng warning: iCCP: profile 'ICC profile': 'GRAY': Gray color space not permitted on RGB PNG
libpng warning: iCCP: profile 'ICC profile': 'GRAY': Gray color space not permitted on RGB PNG
libpng warning: iCCP: profile 'ICC profile': 'GRAY': Gray color space not permitted on RGB PNG
libpng warning: iCCP: profile 'ICC profile': 'GRAY': Gray color space not permitted on RGB PNG
libpng warning: iCCP: profile 'ICC profile': 'GRAY': Gray color space not permitted on RGB PNG
libpng warning: iCCP: profile 'ICC profile': 'GRAY': Gray color space not permitted on RGB PNG
2017-11-27 09:34:25.709 LiteIDE[14794:29200223] *** Assertion failure in -[NSMenu insertItem:atIndex:], /Library/Caches/com.apple.xbs/Sources/AppKit/AppKit-1504.83.101/Menus.subproj/NSMenu.m:705
2017-11-27 09:34:27.112 LiteIDE[14794:29200223] *** Assertion failure in -[NSMenu insertItem:atIndex:], /Library/Caches/com.apple.xbs/Sources/AppKit/AppKit-1504.83.101/Menus.subproj/NSMenu.m:705
libpng warning: iCCP: profile 'ICC profile': 'GRAY': Gray color space not permitted on RGB PNG
libpng warning: iCCP: profile 'ICC profile': 'GRAY': Gray color space not permitted on RGB PNG
libpng warning: iCCP: profile 'ICC profile': 'GRAY': Gray color space not permitted on RGB PNG
libpng warning: iCCP: profile 'ICC profile': 'GRAY': Gray color space not permitted on RGB PNG
libpng warning: iCCP: profile 'ICC profile': 'GRAY': Gray color space not permitted on RGB PNG
libpng warning: iCCP: profile 'ICC profile': 'GRAY': Gray color space not permitted on RGB PNG
libpng warning: iCCP: profile 'ICC profile': 'GRAY': Gray color space not permitted on RGB PNG
libpng warning: iCCP: profile 'ICC profile': 'GRAY': Gray color space not permitted on RGB PNG
libpng warning: iCCP: profile 'ICC profile': 'GRAY': Gray color space not permitted on RGB PNG
libpng warning: iCCP: profile 'ICC profile': 'GRAY': Gray color space not permitted on RGB PNG
libpng warning: iCCP: profile 'ICC profile': 'GRAY': Gray color space not permitted on RGB PNG
libpng warning: iCCP: profile 'ICC profile': 'GRAY': Gray color space not permitted on RGB PNG
libpng warning: iCCP: profile 'ICC profile': 'GRAY': Gray color space not permitted on RGB PNG
libpng warning: iCCP: profile 'ICC profile': 'GRAY': Gray color space not permitted on RGB PNG
libpng warning: iCCP: profile 'ICC profile': 'GRAY': Gray color space not permitted on RGB PNG
libpng warning: iCCP: profile 'ICC profile': 'GRAY': Gray color space not permitted on RGB PNG
libpng warning: iCCP: profile 'ICC profile': 'GRAY': Gray color space not permitted on RGB PNG
libpng warning: iCCP: profile 'ICC profile': 'GRAY': Gray color space not permitted on RGB PNG
libpng warning: iCCP: profile 'ICC profile': 'GRAY': Gray color space not permitted on RGB PNG
libpng warning: iCCP: profile 'ICC profile': 'GRAY': Gray color space not permitted on RGB PNG
libpng warning: iCCP: profile 'ICC profile': 'GRAY': Gray color space not permitted on RGB PNG
libpng warning: iCCP: profile 'ICC profile': 'GRAY': Gray color space not permitted on RGB PNG
libpng warning: iCCP: profile 'ICC profile': 'GRAY': Gray color space not permitted on RGB PNG
libpng warning: iCCP: profile 'ICC profile': 'GRAY': Gray color space not permitted on RGB PNG
libpng warning: iCCP: profile 'ICC profile': 'GRAY': Gray color space not permitted on RGB PNG
libpng warning: iCCP: profile 'ICC profile': 'GRAY': Gray color space not permitted on RGB PNG
libpng warning: iCCP: profile 'ICC profile': 'GRAY': Gray color space not permitted on RGB PNG
libpng warning: iCCP: profile 'ICC profile': 'GRAY': Gray color space not permitted on RGB PNG
libpng warning: iCCP: profile 'ICC profile': 'GRAY': Gray color space not permitted on RGB PNG
libpng warning: iCCP: profile 'ICC profile': 'GRAY': Gray color space not permitted on RGB PNG
libpng warning: iCCP: profile 'ICC profile': 'GRAY': Gray color space not permitted on RGB PNG
libpng warning: iCCP: profile 'ICC profile': 'GRAY': Gray color space not permitted on RGB PNG
libpng warning: iCCP: profile 'ICC profile': 'GRAY': Gray color space not permitted on RGB PNG
libpng warning: iCCP: profile 'ICC profile': 'GRAY': Gray color space not permitted on RGB PNG
libpng warning: iCCP: profile 'ICC profile': 'GRAY': Gray color space not permitted on RGB PNG
libpng warning: iCCP: profile 'ICC profile': 'GRAY': Gray color space not permitted on RGB PNG
libpng warning: iCCP: profile 'ICC profile': 'GRAY': Gray color space not permitted on RGB PNG
libpng warning: iCCP: profile 'ICC profile': 'GRAY': Gray color space not permitted on RGB PNG
libpng warning: iCCP: profile 'ICC profile': 'GRAY': Gray color space not permitted on RGB PNG
libpng warning: iCCP: profile 'ICC profile': 'GRAY': Gray color space not permitted on RGB PNG
libpng warning: iCCP: profile 'ICC profile': 'GRAY': Gray color space not permitted on RGB PNG
libpng warning: iCCP: profile 'ICC profile': 'GRAY': Gray color space not permitted on RGB PNG
libpng warning: iCCP: profile 'ICC profile': 'GRAY': Gray color space not permitted on RGB PNG
libpng warning: iCCP: profile 'ICC profile': 'GRAY': Gray color space not permitted on RGB PNG
libpng warning: iCCP: profile 'ICC profile': 'GRAY': Gray color space not permitted on RGB PNG
libpng warning: iCCP: profile 'ICC profile': 'GRAY': Gray color space not permitted on RGB PNG
libpng warning: iCCP: profile 'ICC profile': 'GRAY': Gray color space not permitted on RGB PNG
libpng warning: iCCP: profile 'ICC profile': 'GRAY': Gray color space not permitted on RGB PNG
libpng warning: iCCP: profile 'ICC profile': 'GRAY': Gray color space not permitted on RGB PNG
libpng warning: iCCP: profile 'ICC profile': 'GRAY': Gray color space not permitted on RGB PNG
libpng warning: iCCP: profile 'ICC profile': 'GRAY': Gray color space not permitted on RGB PNG
libpng warning: iCCP: profile 'ICC profile': 'GRAY': Gray color space not permitted on RGB PNG
libpng warning: iCCP: profile 'ICC profile': 'GRAY': Gray color space not permitted on RGB PNG
libpng warning: iCCP: profile 'ICC profile': 'GRAY': Gray color space not permitted on RGB PNG
libpng warning: iCCP: profile 'ICC profile': 'GRAY': Gray color space not permitted on RGB PNG
libpng warning: iCCP: profile 'ICC profile': 'GRAY': Gray color space not permitted on RGB PNG
libpng warning: iCCP: profile 'ICC profile': 'GRAY': Gray color space not permitted on RGB PNG
libpng warning: iCCP: profile 'ICC profile': 'GRAY': Gray color space not permitted on RGB PNG
libpng warning: iCCP: profile 'ICC profile': 'GRAY': Gray color space not permitted on RGB PNG
libpng warning: iCCP: profile 'ICC profile': 'GRAY': Gray color space not permitted on RGB PNG
libpng warning: iCCP: profile 'ICC profile': 'GRAY': Gray color space not permitted on RGB PNG
libpng warning: iCCP: profile 'ICC profile': 'GRAY': Gray color space not permitted on RGB PNG
libpng warning: iCCP: profile 'ICC profile': 'GRAY': Gray color space not permitted on RGB PNG
libpng warning: iCCP: profile 'ICC profile': 'GRAY': Gray color space not permitted on RGB PNG
libpng warning: iCCP: profile 'ICC profile': 'GRAY': Gray color space not permitted on RGB PNG
libpng warning: iCCP: profile 'ICC profile': 'GRAY': Gray color space not permitted on RGB PNG
libpng warning: iCCP: profile 'ICC profile': 'GRAY': Gray color space not permitted on RGB PNG
libpng warning: iCCP: profile 'ICC profile': 'GRAY': Gray color space not permitted on RGB PNG
libpng warning: iCCP: profile 'ICC profile': 'GRAY': Gray color space not permitted on RGB PNG
libpng warning: iCCP: profile 'ICC profile': 'GRAY': Gray color space not permitted on RGB PNG
libpng warning: iCCP: profile 'ICC profile': 'GRAY': Gray color space not permitted on RGB PNG
2017-11-27 15:08:11.116 LiteIDE[14794:29200223] Path  given to -[NSWorkspace iconForFile:] is not a full path.
2017-11-27 15:08:11.497 LiteIDE[14794:29200223] Path  given to -[NSWorkspace iconForFile:] is not a full path.
libpng warning: iCCP: profile 'ICC profile': 'GRAY': Gray color space not permitted on RGB PNG
libpng warning: iCCP: profile 'ICC profile': 'GRAY': Gray color space not permitted on RGB PNG
libpng warning: iCCP: profile 'ICC profile': 'GRAY': Gray color space not permitted on RGB PNG
libpng warning: iCCP: profile 'ICC profile': 'GRAY': Gray color space not permitted on RGB PNG
libpng warning: iCCP: profile 'ICC profile': 'GRAY': Gray color space not permitted on RGB PNG
libpng warning: iCCP: profile 'ICC profile': 'GRAY': Gray color space not permitted on RGB PNG
libpng warning: iCCP: profile 'ICC profile': 'GRAY': Gray color space not permitted on RGB PNG
libpng warning: iCCP: profile 'ICC profile': 'GRAY': Gray color space not permitted on RGB PNG
libpng warning: iCCP: profile 'ICC profile': 'GRAY': Gray color space not permitted on RGB PNG
libpng warning: iCCP: profile 'ICC profile': 'GRAY': Gray color space not permitted on RGB PNG
libpng warning: iCCP: profile 'ICC profile': 'GRAY': Gray color space not permitted on RGB PNG
libpng warning: iCCP: profile 'ICC profile': 'GRAY': Gray color space not permitted on RGB PNG
libpng warning: iCCP: profile 'ICC profile': 'GRAY': Gray color space not permitted on RGB PNG
libpng warning: iCCP: profile 'ICC profile': 'GRAY': Gray color space not permitted on RGB PNG
2017-11-27 17:13:06.895 LiteIDE[14794:29200223] Path  given to -[NSWorkspace iconForFile:] is not a full path.
2017-11-27 17:13:07.993 LiteIDE[14794:29200223] Path  given to -[NSWorkspace iconForFile:] is not a full path.
2017-11-27 17:14:13.837 LiteIDE[14794:29200223] Path  given to -[NSWorkspace iconForFile:] is not a full path.
2017-11-27 17:14:14.325 LiteIDE[14794:29200223] Path  given to -[NSWorkspace iconForFile:] is not a full path.
2017-11-27 17:18:28.100 LiteIDE[14794:29200223] Path  given to -[NSWorkspace iconForFile:] is not a full path.
2017-11-27 17:18:28.589 LiteIDE[14794:29200223] Path  given to -[NSWorkspace iconForFile:] is not a full path.
libpng warning: iCCP: profile 'ICC profile': 'GRAY': Gray color space not permitted on RGB PNG
libpng warning: iCCP: profile 'ICC profile': 'GRAY': Gray color space not permitted on RGB PNG
libpng warning: iCCP: profile 'ICC profile': 'GRAY': Gray color space not permitted on RGB PNG
libpng warning: iCCP: profile 'ICC profile': 'GRAY': Gray color space not permitted on RGB PNG
libpng warning: iCCP: profile 'ICC profile': 'GRAY': Gray color space not permitted on RGB PNG
libpng warning: iCCP: profile 'ICC profile': 'GRAY': Gray color space not permitted on RGB PNG
libpng warning: iCCP: profile 'ICC profile': 'GRAY': Gray color space not permitted on RGB PNG
libpng warning: iCCP: profile 'ICC profile': 'GRAY': Gray color space not permitted on RGB PNG
libpng warning: iCCP: profile 'ICC profile': 'GRAY': Gray color space not permitted on RGB PNG
libpng warning: iCCP: profile 'ICC profile': 'GRAY': Gray color space not permitted on RGB PNG
libpng warning: iCCP: profile 'ICC profile': 'GRAY': Gray color space not permitted on RGB PNG
